<?xml version="1.0" encoding="UTF-8"?>
<testng-results ignored="0" total="1" passed="1" failed="0" skipped="0">
  <reporter-output>
  </reporter-output>
  <suite started-at="2020-04-19T21:18:44 CEST" name="Default suite" finished-at="2020-04-19T21:18:45 CEST" duration-ms="1579">
    <groups>
    </groups>
    <test started-at="2020-04-19T21:18:44 CEST" name="Default test" finished-at="2020-04-19T21:18:45 CEST" duration-ms="1579">
      <class name="payconiq.assignment.testcases.TC001_Get_All_Gists">
        <test-method is-config="true" signature="setup()[pri:0, instance:payconiq.assignment.testcases.TC001_Get_All_Gists@671a5887]" started-at="2020-04-19T21:18:44 CEST" name="setup" finished-at="2020-04-19T21:18:44 CEST" duration-ms="702" status="PASS">
          <reporter-output>
          </reporter-output>
        </test-method> <!-- setup -->
        <test-method signature="getAllGistsForUser()[pri:1, instance:payconiq.assignment.testcases.TC001_Get_All_Gists@671a5887]" started-at="2020-04-19T21:18:44 CEST" name="getAllGistsForUser" finished-at="2020-04-19T21:18:45 CEST" duration-ms="853" status="PASS">
          <reporter-output>
          </reporter-output>
        </test-method> <!-- getAllGistsForUser -->
      </class> <!-- payconiq.assignment.testcases.TC001_Get_All_Gists -->
    </test> <!-- Default test -->
  </suite> <!-- Default suite -->
</testng-results>
